{"contracts/easy_contract.sol":{"l":{"17":6,"21":4,"22":4,"23":4,"27":3,"28":3,"32":3,"33":3,"37":0,"38":0,"39":0,"41":0,"47":0,"48":0,"49":0,"51":0,"56":0,"57":0,"58":0,"61":0,"63":0,"69":0,"70":0,"73":0,"74":0,"77":3,"78":3,"91":6,"95":1,"96":1,"97":1,"101":6,"102":6,"106":0,"107":0,"111":0,"112":0,"113":0,"115":0,"121":0,"122":0,"123":0,"125":0,"130":0,"131":0,"134":0,"136":0,"142":0,"143":0,"146":0,"147":0,"150":0,"151":0},"path":"/home/henry/blockchain_nctu/311551136-bdaf-lab4/contracts/easy_contract.sol","s":{"1":4,"2":3,"3":3,"4":3,"5":3,"6":0,"7":0,"8":0,"9":0,"10":0,"11":0,"12":0,"13":0,"14":0,"15":0,"16":0,"17":0,"18":0,"19":3,"20":3,"21":1,"22":6,"23":6,"24":0,"25":0,"26":0,"27":0,"28":0,"29":0,"30":0,"31":0,"32":0,"33":0,"34":0,"35":0,"36":0,"37":0,"38":0,"39":0},"b":{"1":[4,0],"2":[0,0],"3":[0,0],"4":[1,0],"5":[0,0],"6":[0,0]},"f":{"1":6,"2":4,"3":3,"4":3,"5":0,"6":0,"7":0,"8":0,"9":0,"10":3,"11":6,"12":1,"13":6,"14":0,"15":0,"16":0,"17":0,"18":0,"19":0,"20":0},"fnMap":{"1":{"name":"constructor","line":16,"loc":{"start":{"line":16,"column":1},"end":{"line":18,"column":5}}},"2":{"name":"initialize","line":20,"loc":{"start":{"line":20,"column":5},"end":{"line":24,"column":5}}},"3":{"name":"get_version","line":26,"loc":{"start":{"line":26,"column":5},"end":{"line":29,"column":5}}},"4":{"name":"test_proxy_pattern","line":31,"loc":{"start":{"line":31,"column":5},"end":{"line":34,"column":5}}},"5":{"name":"deposit","line":36,"loc":{"start":{"line":36,"column":5},"end":{"line":44,"column":5}}},"6":{"name":"withdraw","line":46,"loc":{"start":{"line":46,"column":1},"end":{"line":53,"column":1}}},"7":{"name":"takeFee","line":55,"loc":{"start":{"line":55,"column":1},"end":{"line":65,"column":1}}},"8":{"name":"fee","line":68,"loc":{"start":{"line":68,"column":1},"end":{"line":71,"column":1}}},"9":{"name":"balanceof","line":72,"loc":{"start":{"line":72,"column":1},"end":{"line":75,"column":1}}},"10":{"name":"safecontract_owner","line":76,"loc":{"start":{"line":76,"column":1},"end":{"line":79,"column":1}}},"11":{"name":"constructor","line":90,"loc":{"start":{"line":90,"column":1},"end":{"line":92,"column":5}}},"12":{"name":"initialize","line":94,"loc":{"start":{"line":94,"column":5},"end":{"line":98,"column":5}}},"13":{"name":"get_version","line":100,"loc":{"start":{"line":100,"column":5},"end":{"line":103,"column":5}}},"14":{"name":"test_proxy_pattern","line":105,"loc":{"start":{"line":105,"column":5},"end":{"line":108,"column":5}}},"15":{"name":"deposit","line":110,"loc":{"start":{"line":110,"column":5},"end":{"line":118,"column":5}}},"16":{"name":"withdraw","line":120,"loc":{"start":{"line":120,"column":1},"end":{"line":127,"column":1}}},"17":{"name":"takeFee","line":129,"loc":{"start":{"line":129,"column":1},"end":{"line":138,"column":1}}},"18":{"name":"fee","line":141,"loc":{"start":{"line":141,"column":1},"end":{"line":144,"column":1}}},"19":{"name":"balanceof","line":145,"loc":{"start":{"line":145,"column":1},"end":{"line":148,"column":1}}},"20":{"name":"safecontract_owner","line":149,"loc":{"start":{"line":149,"column":1},"end":{"line":152,"column":1}}}},"statementMap":{"1":{"start":{"line":21,"column":6},"end":{"line":21,"column":50}},"2":{"start":{"line":27,"column":6},"end":{"line":27,"column":34}},"3":{"start":{"line":28,"column":6},"end":{"line":28,"column":20}},"4":{"start":{"line":32,"column":6},"end":{"line":32,"column":46}},"5":{"start":{"line":33,"column":6},"end":{"line":33,"column":34}},"6":{"start":{"line":37,"column":6},"end":{"line":37,"column":1069}},"7":{"start":{"line":41,"column":7},"end":{"line":41,"column":31}},"8":{"start":{"line":47,"column":2},"end":{"line":47,"column":96}},"9":{"start":{"line":48,"column":2},"end":{"line":48,"column":1531}},"10":{"start":{"line":51,"column":3},"end":{"line":51,"column":27}},"11":{"start":{"line":56,"column":2},"end":{"line":56,"column":57}},"12":{"start":{"line":57,"column":0},"end":{"line":57,"column":21}},"13":{"start":{"line":58,"column":2},"end":{"line":58,"column":1800}},"14":{"start":{"line":63,"column":3},"end":{"line":63,"column":27}},"15":{"start":{"line":69,"column":2},"end":{"line":69,"column":38}},"16":{"start":{"line":70,"column":2},"end":{"line":70,"column":19}},"17":{"start":{"line":73,"column":2},"end":{"line":73,"column":55}},"18":{"start":{"line":74,"column":2},"end":{"line":74,"column":32}},"19":{"start":{"line":77,"column":2},"end":{"line":77,"column":35}},"20":{"start":{"line":78,"column":2},"end":{"line":78,"column":14}},"21":{"start":{"line":95,"column":6},"end":{"line":95,"column":50}},"22":{"start":{"line":101,"column":6},"end":{"line":101,"column":34}},"23":{"start":{"line":102,"column":6},"end":{"line":102,"column":20}},"24":{"start":{"line":106,"column":6},"end":{"line":106,"column":43}},"25":{"start":{"line":107,"column":6},"end":{"line":107,"column":34}},"26":{"start":{"line":111,"column":6},"end":{"line":111,"column":3592}},"27":{"start":{"line":115,"column":7},"end":{"line":115,"column":31}},"28":{"start":{"line":121,"column":2},"end":{"line":121,"column":96}},"29":{"start":{"line":122,"column":2},"end":{"line":122,"column":4054}},"30":{"start":{"line":125,"column":3},"end":{"line":125,"column":27}},"31":{"start":{"line":130,"column":2},"end":{"line":130,"column":57}},"32":{"start":{"line":131,"column":2},"end":{"line":131,"column":4299}},"33":{"start":{"line":136,"column":3},"end":{"line":136,"column":27}},"34":{"start":{"line":142,"column":2},"end":{"line":142,"column":38}},"35":{"start":{"line":143,"column":2},"end":{"line":143,"column":19}},"36":{"start":{"line":146,"column":2},"end":{"line":146,"column":55}},"37":{"start":{"line":147,"column":2},"end":{"line":147,"column":32}},"38":{"start":{"line":150,"column":2},"end":{"line":150,"column":36}},"39":{"start":{"line":151,"column":2},"end":{"line":151,"column":14}}},"branchMap":{"1":{"line":21,"type":"if","locations":[{"start":{"line":21,"column":6},"end":{"line":21,"column":6}},{"start":{"line":21,"column":6},"end":{"line":21,"column":6}}]},"2":{"line":47,"type":"if","locations":[{"start":{"line":47,"column":2},"end":{"line":47,"column":2}},{"start":{"line":47,"column":2},"end":{"line":47,"column":2}}]},"3":{"line":56,"type":"if","locations":[{"start":{"line":56,"column":2},"end":{"line":56,"column":2}},{"start":{"line":56,"column":2},"end":{"line":56,"column":2}}]},"4":{"line":95,"type":"if","locations":[{"start":{"line":95,"column":6},"end":{"line":95,"column":6}},{"start":{"line":95,"column":6},"end":{"line":95,"column":6}}]},"5":{"line":121,"type":"if","locations":[{"start":{"line":121,"column":2},"end":{"line":121,"column":2}},{"start":{"line":121,"column":2},"end":{"line":121,"column":2}}]},"6":{"line":130,"type":"if","locations":[{"start":{"line":130,"column":2},"end":{"line":130,"column":2}},{"start":{"line":130,"column":2},"end":{"line":130,"column":2}}]}}},"contracts/lab4.sol":{"l":{"20":4,"24":2,"25":2,"26":2,"28":0,"34":2,"35":2,"36":2,"43":2,"44":2,"45":2,"50":4,"53":4,"56":0,"70":0,"74":0,"75":0,"76":0,"81":0,"82":0,"83":0,"85":0,"91":0,"92":0,"93":0,"100":0,"101":0,"102":0,"107":0,"110":0,"113":0,"123":5,"124":5,"125":5,"131":5,"132":5,"138":21,"142":6,"146":2,"150":5,"156":1,"157":1,"161":1,"165":1,"170":15,"171":15,"187":3,"188":3,"192":1,"193":1,"197":2,"198":2,"202":1,"203":1},"path":"/home/henry/blockchain_nctu/311551136-bdaf-lab4/contracts/lab4.sol","s":{"1":2,"2":0,"3":2,"4":2,"5":2,"6":2,"7":4,"8":4,"9":0,"10":0,"11":0,"12":0,"13":0,"14":0,"15":0,"16":0,"17":0,"18":0,"19":0,"20":5,"21":5,"22":5,"23":5,"24":5,"25":21,"26":2,"27":1,"28":1,"29":1,"30":1,"31":15,"32":15,"33":1,"34":2,"35":2,"36":1,"37":1},"b":{"1":[2,0],"2":[2,0],"3":[0,0],"4":[0,0],"5":[0,0],"6":[1,0],"7":[1,0]},"f":{"1":4,"2":2,"3":2,"4":2,"5":4,"6":4,"7":0,"8":0,"9":0,"10":0,"11":0,"12":0,"13":0,"14":0,"15":0,"16":5,"17":5,"18":21,"19":6,"20":2,"21":5,"22":1,"23":1,"24":1,"25":15,"26":3,"27":1,"28":2,"29":1},"fnMap":{"1":{"name":"constructor","line":19,"loc":{"start":{"line":19,"column":1},"end":{"line":21,"column":5}}},"2":{"name":"deposit","line":23,"loc":{"start":{"line":23,"column":5},"end":{"line":31,"column":5}}},"3":{"name":"withdraw","line":33,"loc":{"start":{"line":33,"column":1},"end":{"line":37,"column":1}}},"4":{"name":"takeFee","line":42,"loc":{"start":{"line":42,"column":1},"end":{"line":46,"column":1}}},"5":{"name":"fee","line":49,"loc":{"start":{"line":49,"column":1},"end":{"line":51,"column":1}}},"6":{"name":"balanceof","line":52,"loc":{"start":{"line":52,"column":1},"end":{"line":54,"column":1}}},"7":{"name":"safecontract_owner","line":55,"loc":{"start":{"line":55,"column":1},"end":{"line":57,"column":1}}},"8":{"name":"constructor","line":69,"loc":{"start":{"line":69,"column":1},"end":{"line":71,"column":5}}},"9":{"name":"initialize","line":73,"loc":{"start":{"line":73,"column":5},"end":{"line":77,"column":5}}},"10":{"name":"deposit","line":80,"loc":{"start":{"line":80,"column":5},"end":{"line":88,"column":5}}},"11":{"name":"withdraw","line":90,"loc":{"start":{"line":90,"column":1},"end":{"line":94,"column":1}}},"12":{"name":"takeFee","line":99,"loc":{"start":{"line":99,"column":1},"end":{"line":103,"column":1}}},"13":{"name":"fee","line":106,"loc":{"start":{"line":106,"column":1},"end":{"line":108,"column":1}}},"14":{"name":"balanceof","line":109,"loc":{"start":{"line":109,"column":1},"end":{"line":111,"column":1}}},"15":{"name":"safecontract_owner","line":112,"loc":{"start":{"line":112,"column":1},"end":{"line":114,"column":1}}},"16":{"name":"constructor","line":121,"loc":{"start":{"line":121,"column":1},"end":{"line":126,"column":1}}},"17":{"name":"initialize_safecontract","line":130,"loc":{"start":{"line":130,"column":1},"end":{"line":133,"column":1}}},"18":{"name":"get_implementation","line":137,"loc":{"start":{"line":137,"column":1},"end":{"line":139,"column":1}}},"19":{"name":"set_implementation","line":141,"loc":{"start":{"line":141,"column":1},"end":{"line":143,"column":1}}},"20":{"name":"get_owner","line":145,"loc":{"start":{"line":145,"column":1},"end":{"line":147,"column":1}}},"21":{"name":"set_owner","line":149,"loc":{"start":{"line":149,"column":1},"end":{"line":151,"column":1}}},"22":{"name":"update_implementation","line":155,"loc":{"start":{"line":155,"column":1},"end":{"line":158,"column":1}}},"23":{"name":"owner","line":160,"loc":{"start":{"line":160,"column":1},"end":{"line":162,"column":1}}},"24":{"name":"implementation","line":164,"loc":{"start":{"line":164,"column":1},"end":{"line":166,"column":1}}},"25":{"name":null,"line":169,"loc":{"start":{"line":169,"column":1},"end":{"line":172,"column":1}}},"26":{"name":"constructor","line":186,"loc":{"start":{"line":186,"column":1},"end":{"line":189,"column":1}}},"27":{"name":"updateImplementation","line":191,"loc":{"start":{"line":191,"column":1},"end":{"line":194,"column":1}}},"28":{"name":"deploySafeProxy","line":196,"loc":{"start":{"line":196,"column":1},"end":{"line":199,"column":5}}},"29":{"name":"deploySafe","line":201,"loc":{"start":{"line":201,"column":1},"end":{"line":204,"column":1}}}},"statementMap":{"1":{"start":{"line":24,"column":6},"end":{"line":24,"column":815}},"2":{"start":{"line":28,"column":7},"end":{"line":28,"column":31}},"3":{"start":{"line":34,"column":2},"end":{"line":34,"column":101}},"4":{"start":{"line":35,"column":2},"end":{"line":35,"column":41}},"5":{"start":{"line":43,"column":2},"end":{"line":43,"column":57}},"6":{"start":{"line":44,"column":2},"end":{"line":44,"column":50}},"7":{"start":{"line":50,"column":2},"end":{"line":50,"column":19}},"8":{"start":{"line":53,"column":2},"end":{"line":53,"column":32}},"9":{"start":{"line":56,"column":2},"end":{"line":56,"column":14}},"10":{"start":{"line":74,"column":6},"end":{"line":74,"column":50}},"11":{"start":{"line":81,"column":6},"end":{"line":81,"column":3017}},"12":{"start":{"line":85,"column":7},"end":{"line":85,"column":31}},"13":{"start":{"line":91,"column":2},"end":{"line":91,"column":101}},"14":{"start":{"line":92,"column":2},"end":{"line":92,"column":41}},"15":{"start":{"line":100,"column":2},"end":{"line":100,"column":57}},"16":{"start":{"line":101,"column":2},"end":{"line":101,"column":50}},"17":{"start":{"line":107,"column":2},"end":{"line":107,"column":19}},"18":{"start":{"line":110,"column":2},"end":{"line":110,"column":32}},"19":{"start":{"line":113,"column":2},"end":{"line":113,"column":14}},"20":{"start":{"line":123,"column":2},"end":{"line":123,"column":27}},"21":{"start":{"line":124,"column":2},"end":{"line":124,"column":18}},"22":{"start":{"line":125,"column":2},"end":{"line":125,"column":32}},"23":{"start":{"line":131,"column":2},"end":{"line":131,"column":47}},"24":{"start":{"line":132,"column":9},"end":{"line":132,"column":126}},"25":{"start":{"line":138,"column":2},"end":{"line":138,"column":69}},"26":{"start":{"line":146,"column":2},"end":{"line":146,"column":60}},"27":{"start":{"line":156,"column":2},"end":{"line":156,"column":89}},"28":{"start":{"line":157,"column":2},"end":{"line":157,"column":27}},"29":{"start":{"line":161,"column":2},"end":{"line":161,"column":20}},"30":{"start":{"line":165,"column":2},"end":{"line":165,"column":29}},"31":{"start":{"line":170,"column":2},"end":{"line":170,"column":48}},"32":{"start":{"line":171,"column":2},"end":{"line":171,"column":82}},"33":{"start":{"line":192,"column":2},"end":{"line":192,"column":85}},"34":{"start":{"line":197,"column":6},"end":{"line":197,"column":57}},"35":{"start":{"line":198,"column":6},"end":{"line":198,"column":51}},"36":{"start":{"line":202,"column":2},"end":{"line":202,"column":59}},"37":{"start":{"line":203,"column":2},"end":{"line":203,"column":53}}},"branchMap":{"1":{"line":34,"type":"if","locations":[{"start":{"line":34,"column":2},"end":{"line":34,"column":2}},{"start":{"line":34,"column":2},"end":{"line":34,"column":2}}]},"2":{"line":43,"type":"if","locations":[{"start":{"line":43,"column":2},"end":{"line":43,"column":2}},{"start":{"line":43,"column":2},"end":{"line":43,"column":2}}]},"3":{"line":74,"type":"if","locations":[{"start":{"line":74,"column":6},"end":{"line":74,"column":6}},{"start":{"line":74,"column":6},"end":{"line":74,"column":6}}]},"4":{"line":91,"type":"if","locations":[{"start":{"line":91,"column":2},"end":{"line":91,"column":2}},{"start":{"line":91,"column":2},"end":{"line":91,"column":2}}]},"5":{"line":100,"type":"if","locations":[{"start":{"line":100,"column":2},"end":{"line":100,"column":2}},{"start":{"line":100,"column":2},"end":{"line":100,"column":2}}]},"6":{"line":156,"type":"if","locations":[{"start":{"line":156,"column":2},"end":{"line":156,"column":2}},{"start":{"line":156,"column":2},"end":{"line":156,"column":2}}]},"7":{"line":192,"type":"if","locations":[{"start":{"line":192,"column":2},"end":{"line":192,"column":2}},{"start":{"line":192,"column":2},"end":{"line":192,"column":2}}]}}},"contracts/Token.sol":{"l":{"10":3,"14":0},"path":"/home/henry/blockchain_nctu/311551136-bdaf-lab4/contracts/Token.sol","s":{"1":3,"2":0},"b":{},"f":{"1":3,"2":0},"fnMap":{"1":{"name":"constructor","line":9,"loc":{"start":{"line":9,"column":4},"end":{"line":11,"column":4}}},"2":{"name":"bb","line":13,"loc":{"start":{"line":13,"column":4},"end":{"line":15,"column":4}}}},"statementMap":{"1":{"start":{"line":10,"column":8},"end":{"line":10,"column":39}},"2":{"start":{"line":14,"column":5},"end":{"line":14,"column":35}}},"branchMap":{}}}